            --------------------------------------------------------
                             AMBER SQM VERSION 19
 
                                     By
              Ross C. Walker, Michael F. Crowley, Scott Brozell,
                         Tim Giese, Andreas W. Goetz,
                        Tai-Sung Lee and David A. Case
 
            --------------------------------------------------------
 

--------------------------------------------------------------------------------
  QM CALCULATION INFO
--------------------------------------------------------------------------------

| QMMM: Citation for AMBER QMMM Run:
| QMMM: R.C. Walker, M.F. Crowley and D.A. Case, J. COMP. CHEM. 29:1019, 2008

QMMM: SINGLET STATE CALCULATION
QMMM: RHF CALCULATION, NO. OF DOUBLY OCCUPIED LEVELS =134

| QMMM: *** Selected Hamiltonian *** 
| QMMM: AM1         

| QMMM: *** Parameter sets in use ***
| QMMM: P : M.J.S.DEWAR et al. THEOCHEM, 187,1, (1989)
| QMMM: O : M.J.S.DEWAR et al. JACS, 107, 3902, (1985)
| QMMM: C : M.J.S.DEWAR et al. JACS, 107, 3902, (1985)
| QMMM: N : M.J.S.DEWAR et al. JACS, 107, 3902, (1985)
| QMMM: H : M.J.S.DEWAR et al. JACS, 107, 3902, (1985)

| QMMM: *** SCF convergence criteria ***
| QMMM: Energy change                :  0.1D-09 kcal/mol
| QMMM: Error matrix |FP-PF|         :  0.1D+00 au
| QMMM: Density matrix change        :  0.5D-06
| QMMM: Maximum number of SCF cycles :     1000

| QMMM: *** Diagonalization Routine Information ***
| QMMM: Pseudo diagonalizations are allowed.
| QMMM: Auto diagonalization routine selection is in use.
| QMMM:
| QMMM: Timing diagonalization routines:
| QMMM:                              norbs =      221
| QMMM:    diag iterations used for timing =        4
| QMMM:
| QMMM:              Internal diag routine = 0.106773 seconds
| QMMM:                 Dspev diag routine = 0.076702 seconds
| QMMM:                Dspevd diag routine = 0.038292 seconds
| QMMM:                Dspevx diag routine = 0.175993 seconds
| QMMM:                 Dsyev diag routine = 0.067959 seconds
| QMMM:                Dsyevd diag routine = 0.022516 seconds
| QMMM:                Dsyevr diag routine = 0.035300 seconds
| QMMM:
| QMMM:                Pseudo diag routine = 0.044072 seconds
| QMMM: Pseudo diagonalization appears to be slower than regular
| QMMM: diagonalization. Setting pseudo_diag=0 for optimum performance.
| QMMM:
| QMMM: Using dsyevd routine (diag_routine=6).

  QMMM: QM Region Cartesian Coordinates (*=link atom) 
  QMMM: QM_NO.   MM_NO.  ATOM         X         Y         Z
  QMMM:     1        1      P       -6.0240    4.0750    6.9100
  QMMM:     2        2      O       -5.8140    2.6010    7.1620
  QMMM:     3        3      O       -5.6410    4.7020    5.5850
  QMMM:     4        4      O       -7.6280    4.3430    7.0620
  QMMM:     5        5      C       -8.2110    3.7770    8.2210
  QMMM:     6        6      C       -9.7170    3.8050    8.0780
  QMMM:     7        7      O      -10.1970    2.7410    7.2280
  QMMM:     8        8      C      -10.4240    3.5890    9.3930
  QMMM:     9        9      O      -10.3570    4.7130   10.2420
  QMMM:    10       10      C      -11.8190    3.2400    8.9310
  QMMM:    11       11      O      -12.4760    4.3940    8.4030
  QMMM:    12       12      C      -11.4900    2.3470    7.7370
  QMMM:    13       13      N      -11.4310    0.9400    8.0870
  QMMM:    14       14      C      -10.3130    0.2130    8.4280
  QMMM:    15       15      N      -10.6070   -1.0440    8.7350
  QMMM:    16       16      C      -11.9630   -1.1310    8.5560
  QMMM:    17       17      C      -12.8860   -2.2540    8.8540
  QMMM:    18       18      N      -12.3290   -3.5580    8.5630
  QMMM:    19       19      N      -14.2910   -2.0460    8.4110
  QMMM:    20       20      C      -14.5820   -0.8400    8.0270
  QMMM:    21       21      N      -13.7710    0.2800    7.8830
  QMMM:    22       22      C      -12.4660    0.0690    8.1350
  QMMM:    23       23      O       -5.5230    4.9870    8.1270
  QMMM:    24       24      P       -4.0870    5.1650    8.8050
  QMMM:    25       25      O       -3.7540    4.0200    9.7330
  QMMM:    26       26      O       -3.9860    6.5800    9.3570
  QMMM:    27       27      O       -3.0910    5.1040    7.5260
  QMMM:    28       28      C       -3.0080    6.3120    6.7920
  QMMM:    29       29      C       -1.5850    6.8440    6.9280
  QMMM:    30       30      O       -0.6500    5.9530    6.2710
  QMMM:    31       31      C       -1.4550    8.1970    6.2440
  QMMM:    32       32      O       -0.3650    8.9060    6.8420
  QMMM:    33       33      C       -1.0740    7.7850    4.8400
  QMMM:    34       34      O       -0.3980    8.8190    4.1340
  QMMM:    35       35      C       -0.1590    6.6160    5.1120
  QMMM:    36       36      N       -0.0160    5.7150    3.9790
  QMMM:    37       37      C        1.2560    5.3580    3.5600
  QMMM:    38       38      C        1.4800    4.4000    2.6460
  QMMM:    39       39      C        2.8410    4.0490    2.1920
  QMMM:    40       40      O        3.0330    3.1930    1.3310
  QMMM:    41       41      N        3.8490    4.7640    2.7920
  QMMM:    42       42      C        0.3400    3.6350    2.0420
  QMMM:    43       43      C       -1.0060    4.0630    2.5470
  QMMM:    44       44      C       -1.1140    5.0290    3.4710
  QMMM:    45       45      P      -13.8840    4.7620    9.1130
  QMMM:    46       46      O      -14.6420    5.6960    8.2020
  QMMM:    47       47      O      -14.4850    3.4580    9.5910
  QMMM:    48       48      O      -13.3210    5.6100   10.3840
  QMMM:    49       49      H       -7.8710    2.7380    8.3350
  QMMM:    50       50      H       -7.9120    4.3550    9.1080
  QMMM:    51       51      H       -9.9330    4.7990    7.6590
  QMMM:    52       52      H       -9.9750    2.8090   10.0250
  QMMM:    53       53      H      -10.3750    4.4150   11.1860
  QMMM:    54       54      H      -12.4550    2.8160    9.7220
  QMMM:    55       55      H      -12.2890    2.4720    6.9920
  QMMM:    56       56      H       -9.2940    0.6260    8.4440
  QMMM:    57       57      H      -12.9860   -2.2460    9.9500
  QMMM:    58       58      H      -12.1200   -4.0460    9.4450
  QMMM:    59       59      H      -13.0080   -4.1080    8.0190
  QMMM:    60       60      H      -15.6410   -0.6790    7.7740
  QMMM:    61       61      H      -14.1410    1.2000    7.6040
  QMMM:    62       62      H       -3.7220    7.0450    7.1960
  QMMM:    63       63      H       -3.2530    6.1360    5.7340
  QMMM:    64       64      H       -1.3670    6.9240    8.0040
  QMMM:    65       65      H       -2.3470    8.8380    6.3020
  QMMM:    66       66      H       -0.4410    8.8570    7.8280
  QMMM:    67       67      H       -1.9380    7.5520    4.2010
  QMMM:    68       68      H        0.0120    9.4460    4.7800
  QMMM:    69       69      H        0.8610    6.9870    5.2850
  QMMM:    70       70      H        2.1190    5.8830    3.9940
  QMMM:    71       71      H        4.8300    4.5850    2.5360
  QMMM:    72       72      H        3.6230    5.4790    3.4980
  QMMM:    73       73      H        0.4750    2.5680    2.2750
  QMMM:    74       74      H        0.3560    3.8320    0.9600
  QMMM:    75       75      H       -1.9140    3.5800    2.1560
  QMMM:    76       76      H       -2.1150    5.2910    3.8440
  QMMM:    77       77      H      -13.6090    5.1750   11.2260

--------------------------------------------------------------------------------
  RESULTS
--------------------------------------------------------------------------------

      iter         sqm energy              rms gradient
      ----    -------------------    -----------------------
xmin    10     -863.3298 kcal/mol        2.9341 kcal/(mol*A)
xmin    20     -874.3135 kcal/mol        1.2144 kcal/(mol*A)
xmin    30     -885.5557 kcal/mol        1.4359 kcal/(mol*A)
xmin    40     -888.1924 kcal/mol        0.1369 kcal/(mol*A)
xmin    50     -888.5196 kcal/mol        0.1304 kcal/(mol*A)
xmin    60     -888.7518 kcal/mol        0.4530 kcal/(mol*A)
xmin    70     -889.0148 kcal/mol        0.4208 kcal/(mol*A)
xmin    80     -889.6879 kcal/mol        1.3230 kcal/(mol*A)
xmin    90     -891.0434 kcal/mol        1.0987 kcal/(mol*A)
xmin   100     -893.8676 kcal/mol        0.3796 kcal/(mol*A)
xmin   110     -895.0528 kcal/mol        0.4378 kcal/(mol*A)
xmin   120     -896.9638 kcal/mol        0.6211 kcal/(mol*A)
xmin   130     -897.4362 kcal/mol        0.1762 kcal/(mol*A)
xmin   140     -897.5571 kcal/mol        0.3479 kcal/(mol*A)
xmin   150     -897.6837 kcal/mol        0.1099 kcal/(mol*A)
xmin   160     -897.7266 kcal/mol        0.0548 kcal/(mol*A)
xmin   170     -897.7865 kcal/mol        0.0514 kcal/(mol*A)
xmin   180     -897.8090 kcal/mol        0.0674 kcal/(mol*A)
xmin   190     -897.8166 kcal/mol        0.0168 kcal/(mol*A)
xmin   200     -897.8180 kcal/mol        0.0091 kcal/(mol*A)
xmin   210     -897.8195 kcal/mol        0.0148 kcal/(mol*A)
xmin   220     -897.8197 kcal/mol        0.0041 kcal/(mol*A)
xmin   230     -897.8199 kcal/mol        0.0026 kcal/(mol*A)
xmin   240     -897.8200 kcal/mol        0.0019 kcal/(mol*A)
  ... geometry converged !
 
 Final MO eigenvalues (eV):
 -35.7083  -35.5595  -34.6517  -34.5196  -33.3188  -32.3693  -31.7317  -31.5343
 -30.9485  -30.7869  -30.0852  -29.9352  -29.8052  -29.3591  -29.2792  -28.4508
 -27.1233  -27.0372  -26.9884  -26.7972  -26.5155  -26.2512  -25.5046  -25.4368
 -25.2974  -25.2272  -24.7914  -24.5808  -23.6422  -23.0245  -22.7336  -20.6568
 -19.6969  -19.4724  -18.6155  -18.5332  -17.3997  -17.0998  -16.6538  -16.2764
 -15.9997  -15.7941  -15.2132  -13.7783  -13.4467  -12.8639  -12.8429  -12.8034
 -12.6556  -12.6095  -12.5532  -12.3218  -12.0599  -11.9591  -11.8595  -11.7088
 -11.2687  -10.8756  -10.7899  -10.7575  -10.6529  -10.5066  -10.2799  -10.1048
 -10.0670  -10.0180   -9.8070   -9.6595   -9.5517   -9.2624   -9.0458   -8.9848
  -8.9236   -8.9049   -8.7637   -8.7089   -8.5765   -8.4798   -8.4380   -8.0741
  -7.9683   -7.9246   -7.8940   -7.8287   -7.7681   -7.5425   -7.5260   -7.2174
  -7.1686   -7.0364   -6.9741   -6.9405   -6.6984   -6.6523   -6.6032   -6.4429
  -6.1919   -6.1812   -6.1280   -5.9263   -5.8392   -5.7547   -5.7030   -5.6296
  -5.4215   -5.3913   -5.2731   -5.1405   -4.9945   -4.8179   -4.7687   -4.7613
  -4.6713   -4.5385   -4.4994   -4.4666   -4.2963   -4.2033   -4.1442   -4.1092
  -4.0649   -3.8810   -3.7605   -3.5919   -3.5017   -3.1798   -2.9790   -2.8017
  -2.7255   -2.6970   -2.6717   -2.6216   -2.6055   -2.0306    5.4479    6.7470
   6.8578    7.0936    7.2985    7.4616    7.5415    7.5733    8.1873    8.5448
   8.5774    8.5858    8.7982    8.8889    8.9357    9.0629    9.1118    9.1250
   9.4022    9.4340    9.4881    9.5016    9.5666    9.6392    9.6988    9.7262
   9.7616    9.8824    9.9113    9.9535   10.0839   10.0990   10.1653   10.1761
  10.2043   10.2077   10.3074   10.3309   10.3736   10.4144   10.4391   10.5471
  10.5761   10.7622   10.8168   10.8311   10.8552   10.9566   10.9839   11.0263
  11.0493   11.0734   11.1494   11.1962   11.2430   11.3012   11.3614   11.4473
  11.5953   11.6543   11.7218   11.8368   11.8770   11.8781   11.9350   11.9596
  11.9949   12.0178   12.0504   12.0973   12.1792   12.3198   12.4352   12.6526
  12.9135   12.9389   13.2272   13.2357   13.3001   13.4181   14.2083   14.8411
  14.8417   15.0027   15.9953   16.4254   16.6648

 Heat of formation   =       -897.81995870 kcal/mol  (      -38.93239490 eV)

 Total SCF energy    =    -239363.74742307 kcal/mol  (   -10379.59097277 eV)
 Electronic energy   =   -2256733.84190446 kcal/mol  (   -97859.32274856 eV)
 Core-core repulsion =    2017370.09448139 kcal/mol  (    87479.73177579 eV)
 
    Atomic Charges for Step       1 :
  Atom    Element       Mulliken Charge
     1      P                  2.716
     2      O                 -1.196
     3      O                 -1.205
     4      O                 -0.743
     5      C                  0.034
     6      C                 -0.031
     7      O                 -0.250
     8      C                 -0.009
     9      O                 -0.335
    10      C                  0.022
    11      O                 -0.750
    12      C                  0.142
    13      N                 -0.189
    14      C                 -0.055
    15      N                 -0.153
    16      C                 -0.277
    17      C                  0.126
    18      N                 -0.337
    19      N                 -0.282
    20      C                  0.059
    21      N                 -0.261
    22      C                 -0.007
    23      O                 -1.292
    24      P                  2.713
    25      O                 -1.175
    26      O                 -1.225
    27      O                 -0.754
    28      C                  0.026
    29      C                 -0.036
    30      O                 -0.304
    31      C                 -0.007
    32      O                 -0.398
    33      C                  0.007
    34      O                 -0.347
    35      C                  0.119
    36      N                 -0.218
    37      C                  0.065
    38      C                 -0.309
    39      C                  0.361
    40      O                 -0.413
    41      N                 -0.438
    42      C                 -0.034
    43      C                 -0.246
    44      C                 -0.039
    45      P                  2.564
    46      O                 -1.144
    47      O                 -1.170
    48      O                 -0.831
    49      H                  0.108
    50      H                  0.056
    51      H                  0.119
    52      H                  0.125
    53      H                  0.216
    54      H                  0.114
    55      H                  0.126
    56      H                  0.291
    57      H                  0.099
    58      H                  0.124
    59      H                  0.150
    60      H                  0.159
    61      H                  0.293
    62      H                  0.116
    63      H                  0.057
    64      H                  0.114
    65      H                  0.176
    66      H                  0.296
    67      H                  0.137
    68      H                  0.222
    69      H                  0.098
    70      H                  0.127
    71      H                  0.191
    72      H                  0.204
    73      H                  0.066
    74      H                  0.068
    75      H                  0.157
    76      H                  0.248
    77      H                  0.247
 Total Mulliken Charge =      -3.000
 
                  X        Y        Z     TOTAL  
  QM DIPOLE   104.956  -54.959 -112.337  163.266
 
 Final Structure

  QMMM: QM Region Cartesian Coordinates (*=link atom) 
  QMMM: QM_NO.   MM_NO.  ATOM         X         Y         Z
  QMMM:     1        1      P       -5.5608    4.3288    7.6871
  QMMM:     2        2      O       -6.0421    2.9370    7.7832
  QMMM:     3        3      O       -4.8667    4.8927    6.5053
  QMMM:     4        4      O       -6.8800    5.2780    8.0001
  QMMM:     5        5      C       -7.9263    4.7205    8.7231
  QMMM:     6        6      C       -9.2396    4.8785    7.9420
  QMMM:     7        7      O       -9.3954    3.8213    6.9782
  QMMM:     8        8      C      -10.4775    4.8785    8.8556
  QMMM:     9        9      O      -11.0909    6.1501    8.9051
  QMMM:    10       10      C      -11.4311    3.7941    8.2863
  QMMM:    11       11      O      -12.4843    4.4040    7.6125
  QMMM:    12       12      C      -10.5410    3.0188    7.2522
  QMMM:    13       13      N      -10.1335    1.6930    7.6826
  QMMM:    14       14      C       -8.8268    1.1835    7.8880
  QMMM:    15       15      N       -8.8298   -0.1429    8.1378
  QMMM:    16       16      C      -10.1641   -0.5398    8.0775
  QMMM:    17       17      C      -10.7552   -1.9149    8.2744
  QMMM:    18       18      N      -10.1560   -2.9123    7.3697
  QMMM:    19       19      N      -12.2257   -1.8935    8.2289
  QMMM:    20       20      C      -12.8646   -0.7940    7.9632
  QMMM:    21       21      N      -12.3702    0.4691    7.5936
  QMMM:    22       22      C      -10.9870    0.5818    7.7772
  QMMM:    23       23      O       -4.6148    4.7248    8.9560
  QMMM:    24       24      P       -3.5510    5.3616   10.0105
  QMMM:    25       25      O       -3.6542    4.7563   11.3466
  QMMM:    26       26      O       -3.4922    6.8240    9.7663
  QMMM:    27       27      O       -2.1149    4.8353    9.3457
  QMMM:    28       28      C       -1.9600    4.8642    7.9687
  QMMM:    29       29      C       -1.3161    6.1777    7.4847
  QMMM:    30       30      O       -0.3887    5.8920    6.4172
  QMMM:    31       31      C       -2.3438    7.2059    6.9626
  QMMM:    32       32      O       -2.2777    8.4021    7.7097
  QMMM:    33       33      C       -1.9367    7.5095    5.5057
  QMMM:    34       34      O       -1.3866    8.7931    5.2893
  QMMM:    35       35      C       -0.8348    6.4512    5.1810
  QMMM:    36       36      N       -1.2518    5.4205    4.2370
  QMMM:    37       37      C       -0.2950    4.8337    3.4381
  QMMM:    38       38      C       -0.5709    3.8158    2.5664
  QMMM:    39       39      C        0.4610    3.2105    1.7159
  QMMM:    40       40      O        0.2391    2.7254    0.5828
  QMMM:    41       41      N        1.7736    3.1814    2.1869
  QMMM:    42       42      C       -1.9513    3.2684    2.4318
  QMMM:    43       43      C       -2.8523    3.7888    3.4913
  QMMM:    44       44      C       -2.5072    4.7852    4.3353
  QMMM:    45       45      P      -14.0278    4.1263    8.1730
  QMMM:    46       46      O      -14.9413    4.9334    7.3492
  QMMM:    47       47      O      -14.1372    2.6705    8.4102
  QMMM:    48       48      O      -13.7909    4.8682    9.6011
  QMMM:    49       49      H       -7.7325    3.6347    8.9465
  QMMM:    50       50      H       -8.0412    5.2980    9.6868
  QMMM:    51       51      H       -9.1889    5.8208    7.3274
  QMMM:    52       52      H      -10.2098    4.6513    9.9221
  QMMM:    53       53      H      -11.3961    6.3515    8.0089
  QMMM:    54       54      H      -11.8282    3.1244    9.0973
  QMMM:    55       55      H      -11.0895    2.9168    6.2677
  QMMM:    56       56      H       -7.9185    1.8279    7.8275
  QMMM:    57       57      H      -10.4921   -2.2750    9.3221
  QMMM:    58       58      H      -10.4180   -2.7236    6.4207
  QMMM:    59       59      H       -9.1588   -2.8169    7.4359
  QMMM:    60       60      H      -13.9768   -0.8326    7.9844
  QMMM:    61       61      H      -12.9512    1.2704    7.7907
  QMMM:    62       62      H       -2.9551    4.7125    7.4560
  QMMM:    63       63      H       -1.2657    4.0212    7.6895
  QMMM:    64       64      H       -0.6921    6.6259    8.3050
  QMMM:    65       65      H       -3.3901    6.7856    6.9735
  QMMM:    66       66      H       -2.7575    8.2253    8.5451
  QMMM:    67       67      H       -2.8176    7.4379    4.8135
  QMMM:    68       68      H       -1.0930    9.1397    6.1420
  QMMM:    69       69      H        0.0727    6.9673    4.7430
  QMMM:    70       70      H        0.7187    5.2724    3.5169
  QMMM:    71       71      H        2.4199    2.6143    1.6963
  QMMM:    72       72      H        1.9240    3.2852    3.1594
  QMMM:    73       73      H       -1.9176    2.1447    2.4772
  QMMM:    74       74      H       -2.3584    3.5318    1.4154
  QMMM:    75       75      H       -3.8408    3.3180    3.5865
  QMMM:    76       76      H       -3.1884    5.1386    5.1512
  QMMM:    77       77      H      -13.1566    5.5785    9.5790

           --------- Calculation Completed ----------

