            --------------------------------------------------------
                             AMBER SQM VERSION 19
 
                                     By
              Ross C. Walker, Michael F. Crowley, Scott Brozell,
                         Tim Giese, Andreas W. Goetz,
                        Tai-Sung Lee and David A. Case
 
            --------------------------------------------------------
 

--------------------------------------------------------------------------------
  QM CALCULATION INFO
--------------------------------------------------------------------------------

| QMMM: Citation for AMBER QMMM Run:
| QMMM: R.C. Walker, M.F. Crowley and D.A. Case, J. COMP. CHEM. 29:1019, 2008

QMMM: SINGLET STATE CALCULATION
QMMM: RHF CALCULATION, NO. OF DOUBLY OCCUPIED LEVELS = 84

| QMMM: *** Selected Hamiltonian *** 
| QMMM: AM1         

| QMMM: *** Parameter sets in use ***
| QMMM: N : M.J.S.DEWAR et al. JACS, 107, 3902, (1985)
| QMMM: C : M.J.S.DEWAR et al. JACS, 107, 3902, (1985)
| QMMM: O : M.J.S.DEWAR et al. JACS, 107, 3902, (1985)
| QMMM: H : M.J.S.DEWAR et al. JACS, 107, 3902, (1985)

| QMMM: *** SCF convergence criteria ***
| QMMM: Energy change                :  0.1D-09 kcal/mol
| QMMM: Error matrix |FP-PF|         :  0.1D+00 au
| QMMM: Density matrix change        :  0.5D-06
| QMMM: Maximum number of SCF cycles :     1000

| QMMM: *** Diagonalization Routine Information ***
| QMMM: Pseudo diagonalizations are allowed.
| QMMM: Auto diagonalization routine selection is in use.
| QMMM:
| QMMM: Timing diagonalization routines:
| QMMM:                              norbs =      148
| QMMM:    diag iterations used for timing =       10
| QMMM:
| QMMM:              Internal diag routine = 0.089533 seconds
| QMMM:                 Dspev diag routine = 0.065271 seconds
| QMMM:                Dspevd diag routine = 0.036236 seconds
| QMMM:                Dspevx diag routine = 0.182288 seconds
| QMMM:                 Dsyev diag routine = 0.059946 seconds
| QMMM:                Dsyevd diag routine = 0.024171 seconds
| QMMM:                Dsyevr diag routine = 0.039006 seconds
| QMMM:
| QMMM:                Pseudo diag routine = 0.033572 seconds
| QMMM: Pseudo diagonalization appears to be slower than regular
| QMMM: diagonalization. Setting pseudo_diag=0 for optimum performance.
| QMMM:
| QMMM: Using dsyevd routine (diag_routine=6).

  QMMM: QM Region Cartesian Coordinates (*=link atom) 
  QMMM: QM_NO.   MM_NO.  ATOM         X         Y         Z
  QMMM:     1        1      N        3.5570    2.0650   -2.0360
  QMMM:     2        2      C        4.6720    2.5460   -2.5100
  QMMM:     3        3      N        5.7440    1.7530   -2.8550
  QMMM:     4        4      N        4.8450    3.9030   -2.6780
  QMMM:     5        5      C        3.8910    4.8210   -2.3260
  QMMM:     6        6      O        4.0570    6.0360   -2.3040
  QMMM:     7        7      C        2.6080    4.2460   -1.8890
  QMMM:     8        8      N        1.4950    5.1470   -1.5800
  QMMM:     9        9      C        0.3400    4.6740   -1.2840
  QMMM:    10       10      C        0.1030    3.2060   -1.1820
  QMMM:    11       11      N        1.3090    2.4070   -1.2840
  QMMM:    12       12      C        2.5170    2.9130   -1.7500
  QMMM:    13       13      C       -0.8040    5.6110   -1.0790
  QMMM:    14       14      N       -0.4690    6.9950   -1.3580
  QMMM:    15       15      C       -0.4740    8.1840   -5.3970
  QMMM:    16       16      C       -0.3730    9.1310   -4.3800
  QMMM:    17       17      C       -0.4000    8.7220   -3.0460
  QMMM:    18       18      C       -0.5670    7.3750   -2.7110
  QMMM:    19       19      C       -0.7290    6.4440   -3.7420
  QMMM:    20       20      C       -0.6680    6.8400   -5.0780
  QMMM:    21       21      C       -0.4030    8.6260   -6.8060
  QMMM:    22       22      O       -0.7560    9.7620   -7.0920
  QMMM:    23       23      N        0.0940    7.6700   -7.6440
  QMMM:    24       24      C       -0.0140    7.6760   -9.1050
  QMMM:    25       25      C        1.3510    7.4350   -9.7310
  QMMM:    26       26      C        1.8900    8.6310  -10.5020
  QMMM:    27       27      C        2.9460    8.1760  -11.5100
  QMMM:    28       28      O        2.7230    7.0900  -12.1100
  QMMM:    29       29      O        3.9360    8.9570  -11.6380
  QMMM:    30       30      C       -0.8710    6.4720   -9.5840
  QMMM:    31       31      O       -0.7550    5.3980   -8.9100
  QMMM:    32       32      O       -1.6650    6.7150  -10.5390
  QMMM:    33       33      H        6.6040    2.1820   -3.2260
  QMMM:    34       34      H        5.6850    0.7310   -2.7420
  QMMM:    35       35      H        5.7290    4.2410   -3.0850
  QMMM:    36       36      H        1.6400    6.1670   -1.6020
  QMMM:    37       37      H       -0.3690    2.9980   -0.2110
  QMMM:    38       38      H       -0.5370    2.9270   -2.0320
  QMMM:    39       39      H        1.2690    1.4190   -0.9980
  QMMM:    40       40      H       -1.6260    5.3100   -1.7440
  QMMM:    41       41      H       -1.0870    5.5530   -0.0170
  QMMM:    42       42      H       -0.1810    7.6530   -0.6200
  QMMM:    43       43      H       -0.2730   10.1980   -4.6280
  QMMM:    44       44      H       -0.2890    9.4700   -2.2470
  QMMM:    45       45      H       -0.9080    5.3870   -3.4960
  QMMM:    46       46      H       -0.7720    6.0930   -5.8790
  QMMM:    47       47      H        0.5870    6.8760   -7.2120
  QMMM:    48       48      H       -0.4470    8.6450   -9.3920
  QMMM:    49       49      H        2.0630    7.1890   -8.9290
  QMMM:    50       50      H        1.2330    6.6140  -10.4540
  QMMM:    51       51      H        1.0640    9.1220  -11.0370
  QMMM:    52       52      H        2.3500    9.3370   -9.7940

--------------------------------------------------------------------------------
  RESULTS
--------------------------------------------------------------------------------

      iter         sqm energy              rms gradient
      ----    -------------------    -----------------------
xmin    10      -82.6304 kcal/mol        2.3700 kcal/(mol*A)
xmin    20      -89.8559 kcal/mol        0.5336 kcal/(mol*A)
xmin    30      -93.4669 kcal/mol        0.6100 kcal/(mol*A)
xmin    40     -100.4905 kcal/mol        1.9868 kcal/(mol*A)
xmin    50     -110.1559 kcal/mol        5.7624 kcal/(mol*A)
xmin    60     -137.9857 kcal/mol        2.0043 kcal/(mol*A)
xmin    70     -140.1681 kcal/mol        1.8344 kcal/(mol*A)
xmin    80     -140.8115 kcal/mol        1.4218 kcal/(mol*A)
xmin    90     -141.4140 kcal/mol        0.5719 kcal/(mol*A)
xmin   100     -141.6043 kcal/mol        0.2773 kcal/(mol*A)
xmin   110     -141.6904 kcal/mol        0.3460 kcal/(mol*A)
xmin   120     -141.8613 kcal/mol        0.6762 kcal/(mol*A)
xmin   130     -142.0478 kcal/mol        0.1830 kcal/(mol*A)
xmin   140     -142.0542 kcal/mol        0.3135 kcal/(mol*A)
xmin   150     -142.5400 kcal/mol        1.5854 kcal/(mol*A)
xmin   160     -143.3729 kcal/mol        1.2871 kcal/(mol*A)
xmin   170     -144.9554 kcal/mol        0.9882 kcal/(mol*A)
xmin   180     -148.2684 kcal/mol        0.3290 kcal/(mol*A)
xmin   190     -148.9254 kcal/mol        0.2760 kcal/(mol*A)
xmin   200     -149.1494 kcal/mol        0.2734 kcal/(mol*A)
xmin   210     -149.2387 kcal/mol        0.1495 kcal/(mol*A)
xmin   220     -149.2517 kcal/mol        0.1056 kcal/(mol*A)
xmin   230     -149.2641 kcal/mol        0.0391 kcal/(mol*A)
xmin   240     -149.2678 kcal/mol        0.0185 kcal/(mol*A)
xmin   250     -149.2723 kcal/mol        0.0098 kcal/(mol*A)
xmin   260     -149.2728 kcal/mol        0.0069 kcal/(mol*A)
xmin   270     -149.2728 kcal/mol        0.0219 kcal/(mol*A)
xmin   280     -149.2730 kcal/mol        0.0283 kcal/(mol*A)
xmin   290     -149.2733 kcal/mol        0.0074 kcal/(mol*A)
xmin   300     -149.2736 kcal/mol        0.0032 kcal/(mol*A)
xmin   310     -149.2736 kcal/mol        0.0010 kcal/(mol*A)
xmin   320     -149.2736 kcal/mol        0.0052 kcal/(mol*A)
xmin   330     -149.2737 kcal/mol        0.0017 kcal/(mol*A)
xmin   340     -149.2737 kcal/mol        0.0006 kcal/(mol*A)
  ... geometry converged !
 
 Final MO eigenvalues (eV):
 -40.4542  -38.7212  -37.9410  -36.7167  -36.3693  -35.2586  -34.6103  -34.4142
 -33.9490  -32.4930  -32.1619  -31.6491  -30.1515  -30.0758  -29.9302  -29.8030
 -29.2954  -28.0347  -26.4224  -25.1650  -24.2391  -23.1765  -22.1145  -21.7640
 -21.3895  -20.0638  -19.2442  -18.6770  -18.5188  -17.3454  -16.9181  -16.8885
 -16.5989  -16.1785  -15.9314  -15.7553  -15.6456  -15.4232  -14.9927  -14.5264
 -14.2426  -14.0308  -13.8616  -13.7056  -13.4899  -13.4358  -13.0428  -12.8729
 -12.7166  -12.6587  -12.4801  -12.3363  -12.0471  -12.0370  -11.9347  -11.8232
 -11.4791  -11.2967  -11.2196  -10.9152  -10.6472  -10.5304  -10.3508  -10.2503
  -9.9781   -9.6161   -9.4365   -9.3871   -8.8218   -8.6897   -8.6153   -8.2223
  -8.0836   -8.0351   -7.7935   -7.5548   -7.3330   -6.9561   -6.2535   -6.1487
  -5.9514   -5.9457   -5.6260   -5.1562    0.4306    1.7514    1.9116    2.1637
   2.4137    2.7392    3.2107    3.6111    3.7935    3.9097    3.9671    4.1594
   4.2919    4.4397    4.5396    4.6968    4.8880    5.1392    5.3582    5.4032
   5.4588    5.5085    5.5857    5.9372    5.9714    6.0253    6.0457    6.1581
   6.1766    6.3182    6.4751    6.5091    6.6606    6.7659    6.8108    6.9020
   7.0030    7.1075    7.2534    7.3076    7.3927    7.4134    7.5041    7.5618
   7.7089    7.7202    7.8093    7.9880    8.0692    8.1575    8.2422    8.5074
   8.5276    8.6422    8.6691    8.8237    8.8387    8.9487    9.2904    9.8009
  11.3889   11.4920   12.1708   12.2836

 Heat of formation   =       -149.27365523 kcal/mol  (       -6.47299142 eV)

 Total SCF energy    =    -140190.86611300 kcal/mol  (    -6079.13213273 eV)
 Electronic energy   =   -1208897.09958567 kcal/mol  (   -52421.71196330 eV)
 Core-core repulsion =    1068706.23347267 kcal/mol  (    46342.57983057 eV)
 
    Atomic Charges for Step       1 :
  Atom    Element       Mulliken Charge
     1      N                 -0.296
     2      C                  0.326
     3      N                 -0.277
     4      N                 -0.303
     5      C                  0.386
     6      O                 -0.393
     7      C                 -0.398
     8      N                  0.072
     9      C                 -0.044
    10      C                 -0.038
    11      N                 -0.238
    12      C                  0.310
    13      C                 -0.051
    14      N                 -0.248
    15      C                 -0.115
    16      C                 -0.087
    17      C                 -0.191
    18      C                 -0.037
    19      C                 -0.130
    20      C                 -0.064
    21      C                  0.332
    22      O                 -0.337
    23      N                 -0.287
    24      C                 -0.071
    25      C                 -0.130
    26      C                 -0.198
    27      C                  0.318
    28      O                 -0.655
    29      O                 -0.591
    30      C                  0.314
    31      O                 -0.667
    32      O                 -0.527
    33      H                  0.299
    34      H                  0.247
    35      H                  0.315
    36      H                  0.272
    37      H                  0.105
    38      H                  0.188
    39      H                  0.256
    40      H                  0.137
    41      H                  0.114
    42      H                  0.162
    43      H                  0.155
    44      H                  0.128
    45      H                  0.138
    46      H                  0.163
    47      H                  0.188
    48      H                  0.117
    49      H                  0.068
    50      H                  0.095
    51      H                  0.076
    52      H                  0.091
 Total Mulliken Charge =      -1.000
 
                  X        Y        Z     TOTAL  
  QM DIPOLE    -9.692  -30.081   44.115   54.267
 
 Final Structure

  QMMM: QM Region Cartesian Coordinates (*=link atom) 
  QMMM: QM_NO.   MM_NO.  ATOM         X         Y         Z
  QMMM:     1        1      N        3.2290    3.7036   -4.8641
  QMMM:     2        2      C        4.2356    4.5900   -5.2227
  QMMM:     3        3      N        5.1525    4.1921   -6.1716
  QMMM:     4        4      N        4.4309    5.8278   -4.5847
  QMMM:     5        5      C        3.5765    6.2435   -3.5525
  QMMM:     6        6      O        3.7835    7.3233   -2.9569
  QMMM:     7        7      C        2.4752    5.3451   -3.2186
  QMMM:     8        8      N        1.5036    5.7741   -2.3225
  QMMM:     9        9      C        0.3883    5.0996   -2.1348
  QMMM:    10       10      C        0.0977    3.8622   -2.9534
  QMMM:    11       11      N        1.2439    3.2593   -3.6170
  QMMM:    12       12      C        2.3142    4.1054   -3.9469
  QMMM:    13       13      C       -0.6991    5.5427   -1.1720
  QMMM:    14       14      N       -0.9762    6.9620   -1.0757
  QMMM:    15       15      C       -1.0018    8.1951   -5.0792
  QMMM:    16       16      C       -0.0502    8.7430   -4.2146
  QMMM:    17       17      C       -0.0929    8.4407   -2.8572
  QMMM:    18       18      C       -1.0898    7.5705   -2.3656
  QMMM:    19       19      C       -2.1675    7.2189   -3.2029
  QMMM:    20       20      C       -2.1178    7.5328   -4.5574
  QMMM:    21       21      C       -0.7321    8.0337   -6.5493
  QMMM:    22       22      O       -1.5254    8.4447   -7.4119
  QMMM:    23       23      N        0.4807    7.3925   -6.8337
  QMMM:    24       24      C        0.4537    6.1744   -7.6390
  QMMM:    25       25      C        1.8623    5.6755   -7.9835
  QMMM:    26       26      C        2.8411    6.6876   -8.5439
  QMMM:    27       27      C        4.2492    6.2744   -8.1385
  QMMM:    28       28      O        4.8204    6.8542   -7.1517
  QMMM:    29       29      O        4.8327    5.3046   -8.7114
  QMMM:    30       30      C       -0.2341    4.9970   -6.8646
  QMMM:    31       31      O        0.0592    4.8408   -5.6327
  QMMM:    32       32      O       -1.0406    4.2546   -7.4756
  QMMM:    33       33      H        5.6217    4.9315   -6.6958
  QMMM:    34       34      H        4.8785    3.4213   -6.7494
  QMMM:    35       35      H        4.9610    6.5417   -5.0744
  QMMM:    36       36      H        1.6820    6.6612   -1.8752
  QMMM:    37       37      H       -0.3270    3.0715   -2.2704
  QMMM:    38       38      H       -0.6879    4.1680   -3.7250
  QMMM:    39       39      H        0.9425    2.6869   -4.3931
  QMMM:    40       40      H       -1.6528    5.0407   -1.5125
  QMMM:    41       41      H       -0.4376    5.1529   -0.1466
  QMMM:    42       42      H       -0.2922    7.4371   -0.5157
  QMMM:    43       43      H        0.7697    9.3603   -4.6148
  QMMM:    44       44      H        0.6810    8.8468   -2.1886
  QMMM:    45       45      H       -3.0135    6.6379   -2.8071
  QMMM:    46       46      H       -2.9154    7.1941   -5.2386
  QMMM:    47       47      H        1.0334    7.2317   -6.0102
  QMMM:    48       48      H       -0.1276    6.3910   -8.5771
  QMMM:    49       49      H        2.3010    5.2285   -7.0486
  QMMM:    50       50      H        1.7339    4.8358   -8.7167
  QMMM:    51       51      H        2.7678    6.7162   -9.6599
  QMMM:    52       52      H        2.6439    7.7182   -8.1590

           --------- Calculation Completed ----------

